<?xml version="1.0" encoding="UTF-8" ?>
<testsuite failures="6" time="63.057" errors="0" skipped="0" tests="18" name="fundtransfer.test.RunCukesTest">
  <properties>
[...]
</properties>
  <testcase time="0" classname="Given the user is on Fund Transfer Page   " name="Given the user is on Fund Transfer Page   "/>
  <testcase time="0" classname="When he enters \&quot;Jim\&quot; as payee name    " name="When he enters \&quot;Jim\&quot; as payee name    "/>
  <testcase time="0" classname="And he enters \&quot;100\&quot; as amount     " name="And he enters \&quot;100\&quot; as amount     "/>
  <testcase time="0" classname="And he Submits request for Fund Transfer      " name="And he Submits request for Fund Transfer      "/>
  <testcase time="0.016" classname="Then ensure the fund transfer is complete with \&quot;$100 transferred successfully to Jim!!\&quot; message       " name="Then ensure the fund transfer is complete with \&quot;$100 transferred successfully to Jim!!\&quot; message       ">
    <failure message="expected:&lt;[]&gt; but was:&lt;[$100 transferred successfully to Jim!!]&gt;" type="org.junit.ComparisonFailure">org.junit.ComparisonFailure: expected:&lt;[]&gt; but was:&lt;[$100 transferred successfully to Jim!!]&gt;
	at org.junit.Assert.assertEquals(Assert.java:115)
	at org.junit.Assert.assertEquals(Assert.java:144)
	at fundtransfer.test.FundTransferStepDefs.Ensure_the_fund_transfer_is_complete(FundTransferStepDefs.java:45)
	at ✽.Then ensure the fund transfer is complete with &quot;$100 transferred successfully to Jim!!&quot; message(fundtransfer\test\fundtransfer.feature:11)
</failure>
    <system-out>&amp;#27;[1A    &amp;#27;[32mAnd &amp;#27;[0m&amp;#27;[32mhe Submits request for Fund Transfer&amp;#27;[0m                                                        &amp;#27;[90m# FundTransferStepDefs.He_submits_request_for_fund_transfer()&amp;#27;[0m
    &amp;#27;[90mThen &amp;#27;[0m&amp;#27;[90mensure the fund transfer is complete with &quot;&amp;#27;[0m&amp;#27;[90m&amp;#27;[1m$100 transferred successfully to Jim!!&amp;#27;[0m&amp;#27;[90m&quot; message&amp;#27;[0m &amp;#27;[90m# FundTransferStepDefs.Ensure_the_fund_transfer_is_complete(String)&amp;#27;[0m
</system-out>
  </testcase>
  <testcase time="0.016" classname="Scenario: Valid Payee  " name="Scenario: Valid Payee  ">
    <failure message="expected:&lt;[]&gt; but was:&lt;[$100 transferred successfully to Jim!!]&gt;" type="org.junit.ComparisonFailure">org.junit.ComparisonFailure: expected:&lt;[]&gt; but was:&lt;[$100 transferred successfully to Jim!!]&gt;
	at org.junit.Assert.assertEquals(Assert.java:115)
	at org.junit.Assert.assertEquals(Assert.java:144)
	at fundtransfer.test.FundTransferStepDefs.Ensure_the_fund_transfer_is_complete(FundTransferStepDefs.java:45)
	at ✽.Then ensure the fund transfer is complete with &quot;$100 transferred successfully to Jim!!&quot; message(fundtransfer\test\fundtransfer.feature:11)
</failure>
  </testcase>
  <testcase time="0" classname="Given the user is on Fund Transfer Page         " name="Given the user is on Fund Transfer Page         "/>
  <testcase time="0" classname="When he enters \&quot;Unmesh\&quot; as payee name          " name="When he enters \&quot;Unmesh\&quot; as payee name          "/>
  <testcase time="0" classname="And he enters \&quot;100\&quot; as amount           " name="And he enters \&quot;100\&quot; as amount           "/>
  <testcase time="0" classname="And he Submits request for Fund Transfer            " name="And he Submits request for Fund Transfer            "/>
  <testcase time="0" classname="Then ensure a transaction failure message \&quot;Transfer failed!! \&apos;Unmesh\&apos; is not registered in your List of Payees\&quot; is displayed             " name="Then ensure a transaction failure message \&quot;Transfer failed!! \&apos;Unmesh\&apos; is not registered in your List of Payees\&quot; is displayed             ">
    <failure message="expected:&lt;[]&gt; but was:&lt;[Transfer failed!! &apos;Unmesh&apos; is not registered in your List of Payees]&gt;" type="org.junit.ComparisonFailure">org.junit.ComparisonFailure: expected:&lt;[]&gt; but was:&lt;[Transfer failed!! &apos;Unmesh&apos; is not registered in your List of Payees]&gt;
	at org.junit.Assert.assertEquals(Assert.java:115)
	at org.junit.Assert.assertEquals(Assert.java:144)
	at fundtransfer.test.FundTransferStepDefs.Ensure_a_transaction_failure_message(FundTransferStepDefs.java:51)
	at ✽.Then ensure a transaction failure message &quot;Transfer failed!! &apos;Unmesh&apos; is not registered in your List of Payees&quot; is displayed(fundtransfer\test\fundtransfer.feature:18)
</failure>
    <system-out>&amp;#27;[1A    &amp;#27;[32mAnd &amp;#27;[0m&amp;#27;[32mhe Submits request for Fund Transfer&amp;#27;[0m                                                                                     &amp;#27;[90m# FundTransferStepDefs.He_submits_request_for_fund_transfer()&amp;#27;[0m
    &amp;#27;[90mThen &amp;#27;[0m&amp;#27;[90mensure a transaction failure message &quot;&amp;#27;[0m&amp;#27;[90m&amp;#27;[1mTransfer failed!! &apos;Unmesh&apos; is not registered in your List of Payees&amp;#27;[0m&amp;#27;[90m&quot; is displayed&amp;#27;[0m &amp;#27;[90m# FundTransferStepDefs.Ensure_a_transaction_failure_message(String)&amp;#27;[0m
</system-out>
  </testcase>
  <testcase time="0" classname="Scenario: Invalid Payee        " name="Scenario: Invalid Payee        ">
    <failure message="expected:&lt;[]&gt; but was:&lt;[Transfer failed!! &apos;Unmesh&apos; is not registered in your List of Payees]&gt;" type="org.junit.ComparisonFailure">org.junit.ComparisonFailure: expected:&lt;[]&gt; but was:&lt;[Transfer failed!! &apos;Unmesh&apos; is not registered in your List of Payees]&gt;
	at org.junit.Assert.assertEquals(Assert.java:115)
	at org.junit.Assert.assertEquals(Assert.java:144)
	at fundtransfer.test.FundTransferStepDefs.Ensure_a_transaction_failure_message(FundTransferStepDefs.java:51)
	at ✽.Then ensure a transaction failure message &quot;Transfer failed!! &apos;Unmesh&apos; is not registered in your List of Payees&quot; is displayed(fundtransfer\test\fundtransfer.feature:18)
</failure>
  </testcase>
  <testcase time="0" classname="Given the user is on Fund Transfer Page               " name="Given the user is on Fund Transfer Page               "/>
  <testcase time="0" classname="When he enters \&quot;Tim\&quot; as payee name                " name="When he enters \&quot;Tim\&quot; as payee name                "/>
  <testcase time="0" classname="And he enters \&quot;1000000\&quot; as amount                 " name="And he enters \&quot;1000000\&quot; as amount                 "/>
  <testcase time="0" classname="And he Submits request for Fund Transfer                  " name="And he Submits request for Fund Transfer                  "/>
  <testcase time="0" classname="Then ensure a transaction failure message \&quot;Transfer failed!! account cannot be overdrawn\&quot; is displayed                   " name="Then ensure a transaction failure message \&quot;Transfer failed!! account cannot be overdrawn\&quot; is displayed                   ">
    <failure message="expected:&lt;[]&gt; but was:&lt;[Transfer failed!! account cannot be overdrawn]&gt;" type="org.junit.ComparisonFailure">org.junit.ComparisonFailure: expected:&lt;[]&gt; but was:&lt;[Transfer failed!! account cannot be overdrawn]&gt;
	at org.junit.Assert.assertEquals(Assert.java:115)
	at org.junit.Assert.assertEquals(Assert.java:144)
	at fundtransfer.test.FundTransferStepDefs.Ensure_a_transaction_failure_message(FundTransferStepDefs.java:51)
	at ✽.Then ensure a transaction failure message &quot;Transfer failed!! account cannot be overdrawn&quot; is displayed(fundtransfer\test\fundtransfer.feature:25)
</failure>
    <system-out>&amp;#27;[1A    &amp;#27;[32mAnd &amp;#27;[0m&amp;#27;[32mhe Submits request for Fund Transfer&amp;#27;[0m                                                               &amp;#27;[90m# FundTransferStepDefs.He_submits_request_for_fund_transfer()&amp;#27;[0m
    &amp;#27;[90mThen &amp;#27;[0m&amp;#27;[90mensure a transaction failure message &quot;&amp;#27;[0m&amp;#27;[90m&amp;#27;[1mTransfer failed!! account cannot be overdrawn&amp;#27;[0m&amp;#27;[90m&quot; is displayed&amp;#27;[0m &amp;#27;[90m# FundTransferStepDefs.Ensure_a_transaction_failure_message(String)&amp;#27;[0m
</system-out>
  </testcase>
  <testcase time="0" classname="Scenario: Account is overdrawn past the overdraft limit              " name="Scenario: Account is overdrawn past the overdraft limit              ">
    <failure message="expected:&lt;[]&gt; but was:&lt;[Transfer failed!! account cannot be overdrawn]&gt;" type="org.junit.ComparisonFailure">org.junit.ComparisonFailure: expected:&lt;[]&gt; but was:&lt;[Transfer failed!! account cannot be overdrawn]&gt;
	at org.junit.Assert.assertEquals(Assert.java:115)
	at org.junit.Assert.assertEquals(Assert.java:144)
	at fundtransfer.test.FundTransferStepDefs.Ensure_a_transaction_failure_message(FundTransferStepDefs.java:51)
	at ✽.Then ensure a transaction failure message &quot;Transfer failed!! account cannot be overdrawn&quot; is displayed(fundtransfer\test\fundtransfer.feature:25)
</failure>
  </testcase>
</testsuite>